almost
blood
on
regular
surveyed
interviewees
0.01296377182006836
almost
blood
onregular
surveyed
interviewees
0.19155287742614746
almost
bloodon
regularsurveyed
interviewees
0.30219149589538574
almostbloodonregular
surveyed
interviewees
0.40491580963134766
almostbloodonregularsurveyed
interviewees
0.5246005058288574
almost
blood
on
regular
surveyed
interviewees
0.10172700881958008
almost
blood
onregular
surveyed
interviewees
0.1087043285369873
almost
bloodon
regularsurveyed
interviewees
0.21043086051940918
almostbloodonregular
surveyed
interviewees
0.31102681159973145
almostbloodonregularsurveyed
interviewees
0.45079517364501953
almost
blood
on
regular
surveyed
interviewees
0.010968208312988281
almost
blood
onregular
surveyed
interviewees
0.10671353340148926
almost
bloodon
regularsurveyed
interviewees
0.21343064308166504
almostbloodonregular
surveyed
interviewees
0.3111684322357178
almostbloodonregularsurveyed
interviewees
0.31016969680786133
almost
blood
on
regular
surveyed
interviewees
0.012973546981811523
almost
blood
onregular
surveyed
interviewees
0.11169791221618652
almost
bloodon
regularsurveyed
interviewees
0.21243023872375488
almostbloodonregular
surveyed
interviewees
0.21344256401062012
almostbloodonregularsurveyed
interviewees
0.3111727237701416
almost
blood
on
regular
surveyed
interviewees
0.012957572937011719
almost
blood
onregular
surveyed
interviewees
0.13747000694274902
almost
bloodon
regularsurveyed
interviewees
0.21125149726867676
almostbloodonregular
surveyed
interviewees
0.21641945838928223
almostbloodonregularsurveyed
interviewees
0.20921564102172852
